<?xml version="1.0" encoding="UTF-8"?>
<!-- Generated by org.testng.reporters.JUnitXMLReporter -->
<testsuite ignored="0" hostname="lahiruh1" failures="1" tests="1" name="WindowsTests" time="0.094" errors="0" timestamp="2023-12-20T11:05:44 AST">
  <testcase classname="com.alaqahtml5.qa.neo3rdpartywebtests.EdaaPageOpenTest" name="lnMyAccountTest" time="0.0">
    <failure type="org.testng.TestNGException" message="
Parameter &amp;apos;username&amp;apos; is required by @Test on method lnMyAccountTest but has not been marked @Optional or defined
in C:\Users\lahiruh\eclipse-workspace\com.neowebqahtml5.testneo\src\test\resources\TestSuites\SeparateTestSuites\WindowsTestSuite.xml">
      <![CDATA[org.testng.TestNGException: 
Parameter 'username' is required by @Test on method lnMyAccountTest but has not been marked @Optional or defined
in C:\Users\lahiruh\eclipse-workspace\com.neowebqahtml5.testneo\src\test\resources\TestSuites\SeparateTestSuites\WindowsTestSuite.xml
at java.base/java.util.ArrayList.forEach(ArrayList.java:1511)
... Removed 26 stack frames]]>
    </failure>
  </testcase> <!-- lnMyAccountTest -->
</testsuite> <!-- WindowsTests -->
