<?xml version="1.0" encoding="UTF-8"?>
<!-- Generated by org.testng.reporters.JUnitXMLReporter -->
<testsuite ignored="0" hostname="lahiruh1" failures="5" tests="8" name="NeoUAT" time="333.181" errors="0" timestamp="2024-04-01T13:48:19 IST">
  <testcase classname="com.alaqahtml5.qa.logoutpagetests.LogOutTest" name="logOutFromHtml5" time="21.723">
    <failure type="org.openqa.selenium.TimeoutException" message="Expected condition failed: waiting for visibility of element located by By.cssSelector: .margin-auto.layout-container.font-5x-l.icon-logout-2 (tried for 10 second(s) with 500 milliseconds interval)
Build info: version: &amp;apos;4.18.1&amp;apos;, revision: &amp;apos;b1d3319b48&amp;apos;
System info: os.name: &amp;apos;Windows 11&amp;apos;, os.arch: &amp;apos;amd64&amp;apos;, os.version: &amp;apos;10.0&amp;apos;, java.version: &amp;apos;18.0.1.1&amp;apos;
Driver info: org.openqa.selenium.chrome.ChromeDriver
Capabilities {acceptInsecureCerts: false, browserName: chrome, browserVersion: 123.0.6312.86, chrome: {chromedriverVersion: 123.0.6312.86 (9b72c47a0536..., userDataDir: C:\Users\lahiruh\AppData\Lo...}, fedcm:accounts: true, goog:chromeOptions: {debuggerAddress: localhost:60710}, networkConnectionEnabled: false, pageLoadStrategy: normal, platformName: windows, proxy: Proxy(), se:cdp: ws://localhost:60710/devtoo..., se:cdpVersion: 123.0.6312.86, setWindowRect: true, strictFileInteractability: false, timeouts: {implicit: 0, pageLoad: 300000, script: 30000}, unhandledPromptBehavior: dismiss and notify, webauthn:extension:credBlob: true, webauthn:extension:largeBlob: true, webauthn:extension:minPinLength: true, webauthn:extension:prf: true, webauthn:virtualAuthenticators: true}
Session ID: da90192b64894ffb54bff24b0d19940e">
      <![CDATA[org.openqa.selenium.TimeoutException: Expected condition failed: waiting for visibility of element located by By.cssSelector: .margin-auto.layout-container.font-5x-l.icon-logout-2 (tried for 10 second(s) with 500 milliseconds interval)
Build info: version: '4.18.1', revision: 'b1d3319b48'
System info: os.name: 'Windows 11', os.arch: 'amd64', os.version: '10.0', java.version: '18.0.1.1'
Driver info: org.openqa.selenium.chrome.ChromeDriver
Capabilities {acceptInsecureCerts: false, browserName: chrome, browserVersion: 123.0.6312.86, chrome: {chromedriverVersion: 123.0.6312.86 (9b72c47a0536..., userDataDir: C:\Users\lahiruh\AppData\Lo...}, fedcm:accounts: true, goog:chromeOptions: {debuggerAddress: localhost:60710}, networkConnectionEnabled: false, pageLoadStrategy: normal, platformName: windows, proxy: Proxy(), se:cdp: ws://localhost:60710/devtoo..., se:cdpVersion: 123.0.6312.86, setWindowRect: true, strictFileInteractability: false, timeouts: {implicit: 0, pageLoad: 300000, script: 30000}, unhandledPromptBehavior: dismiss and notify, webauthn:extension:credBlob: true, webauthn:extension:largeBlob: true, webauthn:extension:minPinLength: true, webauthn:extension:prf: true, webauthn:virtualAuthenticators: true}
Session ID: da90192b64894ffb54bff24b0d19940e
at org.openqa.selenium.support.ui.WebDriverWait.timeoutException(WebDriverWait.java:84)
at org.openqa.selenium.support.ui.FluentWait.until(FluentWait.java:228)
at com.alaqahtml5.qa.pages.BasePageObject.waitFor(BasePageObject.java:87)
at com.alaqahtml5.qa.pages.BasePageObject.waitForVisibilityOf(BasePageObject.java:98)
at com.alaqahtml5.qa.pages.BasePageObject.click(BasePageObject.java:49)
at com.alaqahtml5.qa.pages.LandingAreaPage.clickLogoutBtn(LandingAreaPage.java:51)
at com.alaqahtml5.qa.logoutpagetests.LogOutTest.logOutFromHtml5(LogOutTest.java:42)
at java.base/java.util.ArrayList.forEach(ArrayList.java:1511)
... Removed 25 stack frames]]>
    </failure>
  </testcase> <!-- logOutFromHtml5 -->
  <testcase classname="com.alaqahtml5.qa.loginpagetests.SimpleLoginTest" name="simpleLoginTest" time="0.0">
    <failure type="org.testng.TestNGException" message="
Method simpleLoginTest requires 1 parameters but 2 were supplied in the @Test annotation.">
      <![CDATA[org.testng.TestNGException: 
Method simpleLoginTest requires 1 parameters but 2 were supplied in the @Test annotation.
at java.base/java.util.ArrayList.forEach(ArrayList.java:1511)
... Removed 26 stack frames]]>
    </failure>
  </testcase> <!-- simpleLoginTest -->
  <testcase classname="com.alaqahtml5.qa.neo3rdpartywebtests.EdaaPageOpenTest" name="lnMyAccountTest" time="28.898">
    <failure type="java.lang.AssertionError" message="The following asserts failed:
	New page source doesn&amp;apos;t contain expected text expected [true] but found [false]">
      <![CDATA[java.lang.AssertionError: The following asserts failed:
New page source doesn't contain expected text expected [true] but found [false]
at com.alaqahtml5.qa.neo3rdpartywebtests.EdaaPageOpenTest.lnMyAccountTest(EdaaPageOpenTest.java:64)
at java.base/java.util.ArrayList.forEach(ArrayList.java:1511)
... Removed 27 stack frames]]>
    </failure>
  </testcase> <!-- lnMyAccountTest -->
  <testcase classname="com.alaqahtml5.qa.neowebtests.LeftNavigationTest" name="leftNavigationTest" time="29.298"/>
  <testcase classname="com.alaqahtml5.qa.neowebtests.LNMyAccountTest" name="lnMyAccountTest" time="40.805">
    <failure type="org.openqa.selenium.TimeoutException" message="Expected condition failed: waiting for visibility of element located by By.cssSelector: .layout-container:nth-child(15) (tried for 10 second(s) with 500 milliseconds interval)
Build info: version: &amp;apos;4.18.1&amp;apos;, revision: &amp;apos;b1d3319b48&amp;apos;
System info: os.name: &amp;apos;Windows 11&amp;apos;, os.arch: &amp;apos;amd64&amp;apos;, os.version: &amp;apos;10.0&amp;apos;, java.version: &amp;apos;18.0.1.1&amp;apos;
Driver info: org.openqa.selenium.chrome.ChromeDriver
Capabilities {acceptInsecureCerts: false, browserName: chrome, browserVersion: 123.0.6312.86, chrome: {chromedriverVersion: 123.0.6312.86 (9b72c47a0536..., userDataDir: C:\Users\lahiruh\AppData\Lo...}, fedcm:accounts: true, goog:chromeOptions: {debuggerAddress: localhost:60844}, networkConnectionEnabled: false, pageLoadStrategy: normal, platformName: windows, proxy: Proxy(), se:cdp: ws://localhost:60844/devtoo..., se:cdpVersion: 123.0.6312.86, setWindowRect: true, strictFileInteractability: false, timeouts: {implicit: 0, pageLoad: 300000, script: 30000}, unhandledPromptBehavior: dismiss and notify, webauthn:extension:credBlob: true, webauthn:extension:largeBlob: true, webauthn:extension:minPinLength: true, webauthn:extension:prf: true, webauthn:virtualAuthenticators: true}
Session ID: 3a8b3184ab3e24abda4d63d71054b381">
      <![CDATA[org.openqa.selenium.TimeoutException: Expected condition failed: waiting for visibility of element located by By.cssSelector: .layout-container:nth-child(15) (tried for 10 second(s) with 500 milliseconds interval)
Build info: version: '4.18.1', revision: 'b1d3319b48'
System info: os.name: 'Windows 11', os.arch: 'amd64', os.version: '10.0', java.version: '18.0.1.1'
Driver info: org.openqa.selenium.chrome.ChromeDriver
Capabilities {acceptInsecureCerts: false, browserName: chrome, browserVersion: 123.0.6312.86, chrome: {chromedriverVersion: 123.0.6312.86 (9b72c47a0536..., userDataDir: C:\Users\lahiruh\AppData\Lo...}, fedcm:accounts: true, goog:chromeOptions: {debuggerAddress: localhost:60844}, networkConnectionEnabled: false, pageLoadStrategy: normal, platformName: windows, proxy: Proxy(), se:cdp: ws://localhost:60844/devtoo..., se:cdpVersion: 123.0.6312.86, setWindowRect: true, strictFileInteractability: false, timeouts: {implicit: 0, pageLoad: 300000, script: 30000}, unhandledPromptBehavior: dismiss and notify, webauthn:extension:credBlob: true, webauthn:extension:largeBlob: true, webauthn:extension:minPinLength: true, webauthn:extension:prf: true, webauthn:virtualAuthenticators: true}
Session ID: 3a8b3184ab3e24abda4d63d71054b381
at org.openqa.selenium.support.ui.WebDriverWait.timeoutException(WebDriverWait.java:84)
at org.openqa.selenium.support.ui.FluentWait.until(FluentWait.java:228)
at com.alaqahtml5.qa.pages.BasePageObject.waitFor(BasePageObject.java:87)
at com.alaqahtml5.qa.pages.BasePageObject.waitForVisibilityOf(BasePageObject.java:98)
at com.alaqahtml5.qa.pages.LNMyAccount.clickChangepassword(LNMyAccount.java:153)
at com.alaqahtml5.qa.neowebtests.LNMyAccountTest.lnMyAccountTest(LNMyAccountTest.java:67)
at java.base/java.util.ArrayList.forEach(ArrayList.java:1511)
... Removed 25 stack frames]]>
    </failure>
  </testcase> <!-- lnMyAccountTest -->
  <testcase classname="com.alaqahtml5.qa.neowebtests.NeoWebLoginTest" name="logInTest" time="21.537"/>
  <testcase classname="com.alaqahtml5.qa.onlineaccountoperning.NeoRegularOLAOPathTest" name="navigateToRegulerOLAO" time="145.42">
    <failure type="org.openqa.selenium.TimeoutException" message="Expected condition failed: waiting for visibility of element located by By.cssSelector: body.overflow-hidden.theme2:nth-child(2) div.visibility-hidden.ember-application:nth-child(2) div.ember-view:nth-child(8) div.full-screen-container:nth-child(7) div.col-xs-12.full-height.online-acc-opening.z-index-100 div.layout-container.full-height.full-width.app-back-color div.layout-col-14.container-fade-back-color.full-height div.layout-container.margin-auto:nth-child(2) div.layout-container.full-width.margin-auto.full-height div.layout-container.full-width.full-height div.layout-container.overflow-hidden.float-left.full-width:nth-child(2) div.ember-view div.full-width.full-height.layout-container div.layout-row:nth-child(2) div.layout-container.full-width.pad-l-tb &amp;gt; button.border-none.form-btn.font-x-m.font-700.full-width.letter-space-xxl.submit-btn-disable (tried for 100 second(s) with 500 milliseconds interval)
Build info: version: &amp;apos;4.18.1&amp;apos;, revision: &amp;apos;b1d3319b48&amp;apos;
System info: os.name: &amp;apos;Windows 11&amp;apos;, os.arch: &amp;apos;amd64&amp;apos;, os.version: &amp;apos;10.0&amp;apos;, java.version: &amp;apos;18.0.1.1&amp;apos;
Driver info: org.openqa.selenium.chrome.ChromeDriver
Capabilities {acceptInsecureCerts: false, browserName: chrome, browserVersion: 123.0.6312.86, chrome: {chromedriverVersion: 123.0.6312.86 (9b72c47a0536..., userDataDir: C:\Users\lahiruh\AppData\Lo...}, fedcm:accounts: true, goog:chromeOptions: {debuggerAddress: localhost:60931}, networkConnectionEnabled: false, pageLoadStrategy: normal, platformName: windows, proxy: Proxy(), se:cdp: ws://localhost:60931/devtoo..., se:cdpVersion: 123.0.6312.86, setWindowRect: true, strictFileInteractability: false, timeouts: {implicit: 0, pageLoad: 300000, script: 30000}, unhandledPromptBehavior: dismiss and notify, webauthn:extension:credBlob: true, webauthn:extension:largeBlob: true, webauthn:extension:minPinLength: true, webauthn:extension:prf: true, webauthn:virtualAuthenticators: true}
Session ID: 07b8c285e2c798a4823d4de22ba05342">
      <![CDATA[org.openqa.selenium.TimeoutException: Expected condition failed: waiting for visibility of element located by By.cssSelector: body.overflow-hidden.theme2:nth-child(2) div.visibility-hidden.ember-application:nth-child(2) div.ember-view:nth-child(8) div.full-screen-container:nth-child(7) div.col-xs-12.full-height.online-acc-opening.z-index-100 div.layout-container.full-height.full-width.app-back-color div.layout-col-14.container-fade-back-color.full-height div.layout-container.margin-auto:nth-child(2) div.layout-container.full-width.margin-auto.full-height div.layout-container.full-width.full-height div.layout-container.overflow-hidden.float-left.full-width:nth-child(2) div.ember-view div.full-width.full-height.layout-container div.layout-row:nth-child(2) div.layout-container.full-width.pad-l-tb > button.border-none.form-btn.font-x-m.font-700.full-width.letter-space-xxl.submit-btn-disable (tried for 100 second(s) with 500 milliseconds interval)
Build info: version: '4.18.1', revision: 'b1d3319b48'
System info: os.name: 'Windows 11', os.arch: 'amd64', os.version: '10.0', java.version: '18.0.1.1'
Driver info: org.openqa.selenium.chrome.ChromeDriver
Capabilities {acceptInsecureCerts: false, browserName: chrome, browserVersion: 123.0.6312.86, chrome: {chromedriverVersion: 123.0.6312.86 (9b72c47a0536..., userDataDir: C:\Users\lahiruh\AppData\Lo...}, fedcm:accounts: true, goog:chromeOptions: {debuggerAddress: localhost:60931}, networkConnectionEnabled: false, pageLoadStrategy: normal, platformName: windows, proxy: Proxy(), se:cdp: ws://localhost:60931/devtoo..., se:cdpVersion: 123.0.6312.86, setWindowRect: true, strictFileInteractability: false, timeouts: {implicit: 0, pageLoad: 300000, script: 30000}, unhandledPromptBehavior: dismiss and notify, webauthn:extension:credBlob: true, webauthn:extension:largeBlob: true, webauthn:extension:minPinLength: true, webauthn:extension:prf: true, webauthn:virtualAuthenticators: true}
Session ID: 07b8c285e2c798a4823d4de22ba05342
at org.openqa.selenium.support.ui.WebDriverWait.timeoutException(WebDriverWait.java:84)
at org.openqa.selenium.support.ui.FluentWait.until(FluentWait.java:228)
at com.alaqahtml5.qa.pages.BasePageObject.waitFor(BasePageObject.java:87)
at com.alaqahtml5.qa.pages.BasePageObject.waitForVisibilityOf(BasePageObject.java:98)
at com.alaqahtml5.qa.pages.RegularOLAO7Page.clickContinue(RegularOLAO7Page.java:55)
at com.alaqahtml5.qa.onlineaccountoperning.NeoRegularOLAOPathTest.navigateToRegulerOLAO(NeoRegularOLAOPathTest.java:96)
at java.base/java.util.ArrayList.forEach(ArrayList.java:1511)
... Removed 25 stack frames]]>
    </failure>
  </testcase> <!-- navigateToRegulerOLAO -->
  <testcase classname="com.alaqahtml5.qa.loginpagetests.AppTitleVerificationTest" name="apptitleVerification" time="15.725"/>
</testsuite> <!-- NeoUAT -->
