<?xml version="1.0" encoding="UTF-8"?>
<!-- Generated by org.testng.reporters.JUnitReportReporter -->
<testsuite hostname="lahiruh1" failures="1" tests="1" name="com.alaqahtml5.qa.loginpagetests.AllLinksLoginPageTest" time="68.735" errors="0" timestamp="2024-03-06T11:15:32 IST" skipped="0">
  <testcase classname="com.alaqahtml5.qa.loginpagetests.AllLinksLoginPageTest" name="clickOnAllLinks" time="68.735">
    <failure message="The following asserts failed:
	 not matching http://neo-qa-trade-universal.directfn.net/ with  https://anbcapital.com.sa/documents/182269/1264160/VAT_Registration_Certificate.PDF/ expected [https://anbcapital.com.sa/documents/182269/1264160/VAT_Registration_Certificate.PDF/] but found [http://neo-qa-trade-universal.directfn.net/],
	New page source doesn&#039;t contain expected text expected [true] but found [false]" type="java.lang.AssertionError">
      <![CDATA[java.lang.AssertionError: The following asserts failed:
 not matching http://neo-qa-trade-universal.directfn.net/ with  https://anbcapital.com.sa/documents/182269/1264160/VAT_Registration_Certificate.PDF/ expected [https://anbcapital.com.sa/documents/182269/1264160/VAT_Registration_Certificate.PDF/] but found [http://neo-qa-trade-universal.directfn.net/],
New page source doesn't contain expected text expected [true] but found [false]
at org.testng.asserts.SoftAssert.assertAll(SoftAssert.java:46)
at org.testng.asserts.SoftAssert.assertAll(SoftAssert.java:30)
at com.alaqahtml5.qa.loginpagetests.AllLinksLoginPageTest.clickOnAllLinks(AllLinksLoginPageTest.java:130)
at java.base/jdk.internal.reflect.DirectMethodHandleAccessor.invoke(DirectMethodHandleAccessor.java:104)
at java.base/java.lang.reflect.Method.invoke(Method.java:577)
at org.testng.internal.invokers.MethodInvocationHelper.invokeMethod(MethodInvocationHelper.java:139)
at org.testng.internal.invokers.TestInvoker.invokeMethod(TestInvoker.java:664)
at org.testng.internal.invokers.TestInvoker.invokeTestMethod(TestInvoker.java:227)
at org.testng.internal.invokers.MethodRunner.runInSequence(MethodRunner.java:50)
at org.testng.internal.invokers.TestInvoker$MethodInvocationAgent.invoke(TestInvoker.java:957)
at org.testng.internal.invokers.TestInvoker.invokeTestMethods(TestInvoker.java:200)
at org.testng.internal.invokers.TestMethodWorker.invokeTestMethods(TestMethodWorker.java:148)
at org.testng.internal.invokers.TestMethodWorker.run(TestMethodWorker.java:128)
at java.base/java.util.ArrayList.forEach(ArrayList.java:1511)
at org.testng.TestRunner.privateRun(TestRunner.java:848)
at org.testng.TestRunner.run(TestRunner.java:621)
at org.testng.SuiteRunner.runTest(SuiteRunner.java:443)
at org.testng.SuiteRunner.runSequentially(SuiteRunner.java:437)
at org.testng.SuiteRunner.privateRun(SuiteRunner.java:397)
at org.testng.SuiteRunner.run(SuiteRunner.java:336)
at org.testng.SuiteRunnerWorker.runSuite(SuiteRunnerWorker.java:52)
at org.testng.SuiteRunnerWorker.run(SuiteRunnerWorker.java:95)
at org.testng.TestNG.runSuitesSequentially(TestNG.java:1280)
at org.testng.TestNG.runSuitesLocally(TestNG.java:1200)
at org.testng.TestNG.runSuites(TestNG.java:1114)
at org.testng.TestNG.run(TestNG.java:1082)
at org.testng.remote.AbstractRemoteTestNG.run(AbstractRemoteTestNG.java:115)
at org.testng.remote.RemoteTestNG.initAndRun(RemoteTestNG.java:251)
at org.testng.remote.RemoteTestNG.main(RemoteTestNG.java:77)
]]>
    </failure>
  </testcase> <!-- clickOnAllLinks -->
</testsuite> <!-- com.alaqahtml5.qa.loginpagetests.AllLinksLoginPageTest -->
