<?xml version="1.0" encoding="UTF-8"?>
<!-- Generated by org.testng.reporters.JUnitReportReporter -->
<testsuite hostname="lahiruh1" failures="0" tests="1" name="com.alaqahtml5.qa.onlineaccountoperning.NeoRegularOLAOPathTest" time="149.482" errors="1" timestamp="2024-04-01T13:48:19 IST" skipped="0">
  <testcase classname="com.alaqahtml5.qa.onlineaccountoperning.NeoRegularOLAOPathTest" name="navigateToRegulerOLAO" time="149.482">
    <error message="Expected condition failed: waiting for visibility of element located by By.cssSelector: body.overflow-hidden.theme2:nth-child(2) div.visibility-hidden.ember-application:nth-child(2) div.ember-view:nth-child(8) div.full-screen-container:nth-child(7) div.col-xs-12.full-height.online-acc-opening.z-index-100 div.layout-container.full-height.full-width.app-back-color div.layout-col-14.container-fade-back-color.full-height div.layout-container.margin-auto:nth-child(2) div.layout-container.full-width.margin-auto.full-height div.layout-container.full-width.full-height div.layout-container.overflow-hidden.float-left.full-width:nth-child(2) div.ember-view div.full-width.full-height.layout-container div.layout-row:nth-child(2) div.layout-container.full-width.pad-l-tb &gt; button.border-none.form-btn.font-x-m.font-700.full-width.letter-space-xxl.submit-btn-disable (tried for 100 second(s) with 500 milliseconds interval)
Build info: version: &#039;4.18.1&#039;, revision: &#039;b1d3319b48&#039;
System info: os.name: &#039;Windows 11&#039;, os.arch: &#039;amd64&#039;, os.version: &#039;10.0&#039;, java.version: &#039;18.0.1.1&#039;
Driver info: org.openqa.selenium.chrome.ChromeDriver
Capabilities {acceptInsecureCerts: false, browserName: chrome, browserVersion: 123.0.6312.86, chrome: {chromedriverVersion: 123.0.6312.86 (9b72c47a0536..., userDataDir: C:\Users\lahiruh\AppData\Lo...}, fedcm:accounts: true, goog:chromeOptions: {debuggerAddress: localhost:60931}, networkConnectionEnabled: false, pageLoadStrategy: normal, platformName: windows, proxy: Proxy(), se:cdp: ws://localhost:60931/devtoo..., se:cdpVersion: 123.0.6312.86, setWindowRect: true, strictFileInteractability: false, timeouts: {implicit: 0, pageLoad: 300000, script: 30000}, unhandledPromptBehavior: dismiss and notify, webauthn:extension:credBlob: true, webauthn:extension:largeBlob: true, webauthn:extension:minPinLength: true, webauthn:extension:prf: true, webauthn:virtualAuthenticators: true}
Session ID: 07b8c285e2c798a4823d4de22ba05342" type="org.openqa.selenium.TimeoutException">
      <![CDATA[org.openqa.selenium.TimeoutException: Expected condition failed: waiting for visibility of element located by By.cssSelector: body.overflow-hidden.theme2:nth-child(2) div.visibility-hidden.ember-application:nth-child(2) div.ember-view:nth-child(8) div.full-screen-container:nth-child(7) div.col-xs-12.full-height.online-acc-opening.z-index-100 div.layout-container.full-height.full-width.app-back-color div.layout-col-14.container-fade-back-color.full-height div.layout-container.margin-auto:nth-child(2) div.layout-container.full-width.margin-auto.full-height div.layout-container.full-width.full-height div.layout-container.overflow-hidden.float-left.full-width:nth-child(2) div.ember-view div.full-width.full-height.layout-container div.layout-row:nth-child(2) div.layout-container.full-width.pad-l-tb > button.border-none.form-btn.font-x-m.font-700.full-width.letter-space-xxl.submit-btn-disable (tried for 100 second(s) with 500 milliseconds interval)
Build info: version: '4.18.1', revision: 'b1d3319b48'
System info: os.name: 'Windows 11', os.arch: 'amd64', os.version: '10.0', java.version: '18.0.1.1'
Driver info: org.openqa.selenium.chrome.ChromeDriver
Capabilities {acceptInsecureCerts: false, browserName: chrome, browserVersion: 123.0.6312.86, chrome: {chromedriverVersion: 123.0.6312.86 (9b72c47a0536..., userDataDir: C:\Users\lahiruh\AppData\Lo...}, fedcm:accounts: true, goog:chromeOptions: {debuggerAddress: localhost:60931}, networkConnectionEnabled: false, pageLoadStrategy: normal, platformName: windows, proxy: Proxy(), se:cdp: ws://localhost:60931/devtoo..., se:cdpVersion: 123.0.6312.86, setWindowRect: true, strictFileInteractability: false, timeouts: {implicit: 0, pageLoad: 300000, script: 30000}, unhandledPromptBehavior: dismiss and notify, webauthn:extension:credBlob: true, webauthn:extension:largeBlob: true, webauthn:extension:minPinLength: true, webauthn:extension:prf: true, webauthn:virtualAuthenticators: true}
Session ID: 07b8c285e2c798a4823d4de22ba05342
at org.openqa.selenium.support.ui.WebDriverWait.timeoutException(WebDriverWait.java:84)
at org.openqa.selenium.support.ui.FluentWait.until(FluentWait.java:228)
at com.alaqahtml5.qa.pages.BasePageObject.waitFor(BasePageObject.java:87)
at com.alaqahtml5.qa.pages.BasePageObject.waitForVisibilityOf(BasePageObject.java:98)
at com.alaqahtml5.qa.pages.RegularOLAO7Page.clickContinue(RegularOLAO7Page.java:55)
at com.alaqahtml5.qa.onlineaccountoperning.NeoRegularOLAOPathTest.navigateToRegulerOLAO(NeoRegularOLAOPathTest.java:96)
at java.base/jdk.internal.reflect.DirectMethodHandleAccessor.invoke(DirectMethodHandleAccessor.java:104)
at java.base/java.lang.reflect.Method.invoke(Method.java:577)
at org.testng.internal.invokers.MethodInvocationHelper.invokeMethod(MethodInvocationHelper.java:139)
at org.testng.internal.invokers.TestInvoker.invokeMethod(TestInvoker.java:664)
at org.testng.internal.invokers.TestInvoker.invokeTestMethod(TestInvoker.java:228)
at org.testng.internal.invokers.MethodRunner.runInSequence(MethodRunner.java:63)
at org.testng.internal.invokers.TestInvoker$MethodInvocationAgent.invoke(TestInvoker.java:961)
at org.testng.internal.invokers.TestInvoker.invokeTestMethods(TestInvoker.java:201)
at org.testng.internal.invokers.TestMethodWorker.invokeTestMethods(TestMethodWorker.java:148)
at org.testng.internal.invokers.TestMethodWorker.run(TestMethodWorker.java:128)
at java.base/java.util.ArrayList.forEach(ArrayList.java:1511)
at org.testng.TestRunner.privateRun(TestRunner.java:819)
at org.testng.TestRunner.run(TestRunner.java:619)
at org.testng.SuiteRunner.runTest(SuiteRunner.java:443)
at org.testng.SuiteRunner.runSequentially(SuiteRunner.java:437)
at org.testng.SuiteRunner.privateRun(SuiteRunner.java:397)
at org.testng.SuiteRunner.run(SuiteRunner.java:336)
at org.testng.SuiteRunnerWorker.runSuite(SuiteRunnerWorker.java:52)
at org.testng.SuiteRunnerWorker.run(SuiteRunnerWorker.java:95)
at org.testng.TestNG.runSuitesSequentially(TestNG.java:1301)
at org.testng.TestNG.runSuitesLocally(TestNG.java:1228)
at org.testng.TestNG.runSuites(TestNG.java:1134)
at org.testng.TestNG.run(TestNG.java:1101)
at org.testng.remote.AbstractRemoteTestNG.run(AbstractRemoteTestNG.java:115)
at org.testng.remote.RemoteTestNG.initAndRun(RemoteTestNG.java:251)
at org.testng.remote.RemoteTestNG.main(RemoteTestNG.java:77)
]]>
    </error>
  </testcase> <!-- navigateToRegulerOLAO -->
</testsuite> <!-- com.alaqahtml5.qa.onlineaccountoperning.NeoRegularOLAOPathTest -->
