<?xml version="1.0" encoding="UTF-8"?>
<!-- Generated by org.testng.reporters.JUnitXMLReporter -->
<testsuite ignored="0" hostname="lahiruh1" failures="1" tests="1" name="NegativePasswordTest-CH" time="11.178" errors="0" timestamp="2024-02-15T14:28:24 IST">
  <testcase classname="com.alaqahtml5.qa.loginpagetests.NegativeLogInTests" name="logInTest" time="7.021">
    <failure type="java.lang.AssertionError" message="Message doesn&amp;apos;t contain expected text. expected [true] but found [false]">
      <![CDATA[java.lang.AssertionError: Message doesn't contain expected text. expected [true] but found [false]
at com.alaqahtml5.qa.loginpagetests.NegativeLogInTests.logInTest(NegativeLogInTests.java:36)
at java.base/java.util.ArrayList.forEach(ArrayList.java:1511)
... Removed 28 stack frames]]>
    </failure>
  </testcase> <!-- logInTest -->
</testsuite> <!-- NegativePasswordTest-CH -->
